<?xml version="1.0" encoding="UTF-8"?>
<!-- Generated by org.testng.reporters.JUnitReportReporter -->
<testsuite hostname="DESKTOP-BT1474T" failures="0" tests="1" name="com.yatra.qa.pages.Holidays" time="112.719" errors="0" timestamp="2023-08-08T15:20:31 IST" skipped="0">
  <testcase classname="com.yatra.qa.pages.Holidays" name="selectOriginCity" time="112.719"/>
</testsuite> <!-- com.yatra.qa.pages.Holidays -->
